This file contains any messages produced by compilers while
running configure, to aid debugging if configure makes a mistake.

It was created by FLRIG configure 1.3.54, which was
generated by GNU Autoconf 2.69.  Invocation command line was

  $ /home/mag/Projects/fldigi-flrig/configure 

## --------- ##
## Platform. ##
## --------- ##

hostname = mark-MacBookPro-linux
uname -m = x86_64
uname -r = 5.4.0-110-generic
uname -s = Linux
uname -v = #124-Ubuntu SMP Thu Apr 14 19:46:19 UTC 2022

/usr/bin/uname -p = x86_64
/bin/uname -X     = unknown

/bin/arch              = x86_64
/usr/bin/arch -k       = unknown
/usr/convex/getsysinfo = unknown
/usr/bin/hostinfo      = unknown
/bin/machine           = unknown
/usr/bin/oslevel       = unknown
/bin/universe          = unknown

PATH: /usr/local/sbin
PATH: /usr/local/bin
PATH: /usr/sbin
PATH: /usr/bin
PATH: /sbin
PATH: /bin
PATH: /usr/games
PATH: /usr/local/games
PATH: /snap/bin


## ----------- ##
## Core tests. ##
## ----------- ##

configure:2490: checking build system type
configure:2504: result: x86_64-pc-linux-gnu
configure:2525: checking host system type
configure:2538: result: x86_64-pc-linux-gnu
configure:2559: checking target system type
configure:2572: result: x86_64-pc-linux-gnu
configure:2615: checking for a BSD-compatible install
configure:2683: result: /usr/bin/install -c
configure:2694: checking whether build environment is sane
configure:2749: result: yes
configure:2898: checking for a thread-safe mkdir -p
configure:2937: result: /usr/bin/mkdir -p
configure:2944: checking for gawk
configure:2960: found /usr/bin/gawk
configure:2971: result: gawk
configure:2982: checking whether make sets $(MAKE)
configure:3004: result: yes
configure:3033: checking whether make supports nested variables
configure:3050: result: yes
configure:3242: checking for g++
configure:3258: found /usr/bin/g++
configure:3269: result: g++
configure:3296: checking for C++ compiler version
configure:3305: g++ --version >&5
g++ (Ubuntu 9.4.0-1ubuntu1~20.04.1) 9.4.0
Copyright (C) 2019 Free Software Foundation, Inc.
This is free software; see the source for copying conditions.  There is NO
warranty; not even for MERCHANTABILITY or FITNESS FOR A PARTICULAR PURPOSE.

configure:3316: $? = 0
configure:3305: g++ -v >&5
Using built-in specs.
COLLECT_GCC=g++
COLLECT_LTO_WRAPPER=/usr/lib/gcc/x86_64-linux-gnu/9/lto-wrapper
OFFLOAD_TARGET_NAMES=nvptx-none:hsa
OFFLOAD_TARGET_DEFAULT=1
Target: x86_64-linux-gnu
Configured with: ../src/configure -v --with-pkgversion='Ubuntu 9.4.0-1ubuntu1~20.04.1' --with-bugurl=file:///usr/share/doc/gcc-9/README.Bugs --enable-languages=c,ada,c++,go,brig,d,fortran,objc,obj-c++,gm2 --prefix=/usr --with-gcc-major-version-only --program-suffix=-9 --program-prefix=x86_64-linux-gnu- --enable-shared --enable-linker-build-id --libexecdir=/usr/lib --without-included-gettext --enable-threads=posix --libdir=/usr/lib --enable-nls --enable-clocale=gnu --enable-libstdcxx-debug --enable-libstdcxx-time=yes --with-default-libstdcxx-abi=new --enable-gnu-unique-object --disable-vtable-verify --enable-plugin --enable-default-pie --with-system-zlib --with-target-system-zlib=auto --enable-objc-gc=auto --enable-multiarch --disable-werror --with-arch-32=i686 --with-abi=m64 --with-multilib-list=m32,m64,mx32 --enable-multilib --with-tune=generic --enable-offload-targets=nvptx-none=/build/gcc-9-Av3uEd/gcc-9-9.4.0/debian/tmp-nvptx/usr,hsa --without-cuda-driver --enable-checking=release --build=x86_64-linux-gnu --host=x86_64-linux-gnu --target=x86_64-linux-gnu
Thread model: posix
gcc version 9.4.0 (Ubuntu 9.4.0-1ubuntu1~20.04.1) 
configure:3316: $? = 0
configure:3305: g++ -V >&5
g++: error: unrecognized command line option '-V'
g++: fatal error: no input files
compilation terminated.
configure:3316: $? = 1
configure:3305: g++ -qversion >&5
g++: error: unrecognized command line option '-qversion'; did you mean '--version'?
g++: fatal error: no input files
compilation terminated.
configure:3316: $? = 1
configure:3336: checking whether the C++ compiler works
configure:3358: g++    conftest.cpp  >&5
configure:3362: $? = 0
configure:3410: result: yes
configure:3413: checking for C++ compiler default output file name
configure:3415: result: a.out
configure:3421: checking for suffix of executables
configure:3428: g++ -o conftest    conftest.cpp  >&5
configure:3432: $? = 0
configure:3454: result: 
configure:3476: checking whether we are cross compiling
configure:3484: g++ -o conftest    conftest.cpp  >&5
configure:3488: $? = 0
configure:3495: ./conftest
configure:3499: $? = 0
configure:3487: result: no
configure:3492: checking for suffix of object files
configure:3514: g++ -c   conftest.cpp >&5
configure:3518: $? = 0
configure:3539: result: o
configure:3543: checking whether we are using the GNU C++ compiler
configure:3562: g++ -c   conftest.cpp >&5
configure:3562: $? = 0
configure:3571: result: yes
configure:3580: checking whether g++ accepts -g
configure:3600: g++ -c -g  conftest.cpp >&5
configure:3600: $? = 0
configure:3641: result: yes
configure:3667: checking whether make supports the include directive
configure:3682: make -f confmf.GNU && cat confinc.out
this is the am__doit target
configure:3685: $? = 0
configure:3704: result: yes (GNU style)
configure:3729: checking dependency style of g++
configure:3840: result: gcc3
configure:3903: checking for gcc
configure:3919: found /usr/bin/gcc
configure:3930: result: gcc
configure:4159: checking for C compiler version
configure:4168: gcc --version >&5
gcc (Ubuntu 9.4.0-1ubuntu1~20.04.1) 9.4.0
Copyright (C) 2019 Free Software Foundation, Inc.
This is free software; see the source for copying conditions.  There is NO
warranty; not even for MERCHANTABILITY or FITNESS FOR A PARTICULAR PURPOSE.

configure:4179: $? = 0
configure:4168: gcc -v >&5
Using built-in specs.
COLLECT_GCC=gcc
COLLECT_LTO_WRAPPER=/usr/lib/gcc/x86_64-linux-gnu/9/lto-wrapper
OFFLOAD_TARGET_NAMES=nvptx-none:hsa
OFFLOAD_TARGET_DEFAULT=1
Target: x86_64-linux-gnu
Configured with: ../src/configure -v --with-pkgversion='Ubuntu 9.4.0-1ubuntu1~20.04.1' --with-bugurl=file:///usr/share/doc/gcc-9/README.Bugs --enable-languages=c,ada,c++,go,brig,d,fortran,objc,obj-c++,gm2 --prefix=/usr --with-gcc-major-version-only --program-suffix=-9 --program-prefix=x86_64-linux-gnu- --enable-shared --enable-linker-build-id --libexecdir=/usr/lib --without-included-gettext --enable-threads=posix --libdir=/usr/lib --enable-nls --enable-clocale=gnu --enable-libstdcxx-debug --enable-libstdcxx-time=yes --with-default-libstdcxx-abi=new --enable-gnu-unique-object --disable-vtable-verify --enable-plugin --enable-default-pie --with-system-zlib --with-target-system-zlib=auto --enable-objc-gc=auto --enable-multiarch --disable-werror --with-arch-32=i686 --with-abi=m64 --with-multilib-list=m32,m64,mx32 --enable-multilib --with-tune=generic --enable-offload-targets=nvptx-none=/build/gcc-9-Av3uEd/gcc-9-9.4.0/debian/tmp-nvptx/usr,hsa --without-cuda-driver --enable-checking=release --build=x86_64-linux-gnu --host=x86_64-linux-gnu --target=x86_64-linux-gnu
Thread model: posix
gcc version 9.4.0 (Ubuntu 9.4.0-1ubuntu1~20.04.1) 
configure:4179: $? = 0
configure:4168: gcc -V >&5
gcc: error: unrecognized command line option '-V'
gcc: fatal error: no input files
compilation terminated.
configure:4179: $? = 1
configure:4168: gcc -qversion >&5
gcc: error: unrecognized command line option '-qversion'; did you mean '--version'?
gcc: fatal error: no input files
compilation terminated.
configure:4179: $? = 1
configure:4183: checking whether we are using the GNU C compiler
configure:4202: gcc -c   conftest.c >&5
configure:4202: $? = 0
configure:4211: result: yes
configure:4220: checking whether gcc accepts -g
configure:4240: gcc -c -g  conftest.c >&5
configure:4240: $? = 0
configure:4281: result: yes
configure:4298: checking for gcc option to accept ISO C89
configure:4361: gcc  -c -g -O2  conftest.c >&5
configure:4361: $? = 0
configure:4374: result: none needed
configure:4399: checking whether gcc understands -c and -o together
configure:4421: gcc -c conftest.c -o conftest2.o
configure:4424: $? = 0
configure:4421: gcc -c conftest.c -o conftest2.o
configure:4424: $? = 0
configure:4436: result: yes
configure:4455: checking dependency style of gcc
configure:4566: result: gcc3
configure:4587: checking how to run the C preprocessor
configure:4618: gcc -E  conftest.c
configure:4618: $? = 0
configure:4632: gcc -E  conftest.c
conftest.c:15:10: fatal error: ac_nonexistent.h: No such file or directory
   15 | #include <ac_nonexistent.h>
      |          ^~~~~~~~~~~~~~~~~~
compilation terminated.
configure:4632: $? = 1
configure: failed program was:
| /* confdefs.h */
| #define PACKAGE_NAME "FLRIG"
| #define PACKAGE_TARNAME "flrig"
| #define PACKAGE_VERSION "1.3.54"
| #define PACKAGE_STRING "FLRIG 1.3.54"
| #define PACKAGE_BUGREPORT "w1hkj AT w1hkj DOT com"
| #define PACKAGE_URL ""
| #define FLRIG_VERSION_MAJOR 1
| #define FLRIG_VERSION_MINOR 3
| #define FLRIG_VERSION_PATCH ".54"
| #define FLRIG_VERSION "1.3.54"
| #define PACKAGE "flrig"
| #define VERSION "1.3.54"
| /* end confdefs.h.  */
| #include <ac_nonexistent.h>
configure:4657: result: gcc -E
configure:4677: gcc -E  conftest.c
configure:4677: $? = 0
configure:4691: gcc -E  conftest.c
conftest.c:15:10: fatal error: ac_nonexistent.h: No such file or directory
   15 | #include <ac_nonexistent.h>
      |          ^~~~~~~~~~~~~~~~~~
compilation terminated.
configure:4691: $? = 1
configure: failed program was:
| /* confdefs.h */
| #define PACKAGE_NAME "FLRIG"
| #define PACKAGE_TARNAME "flrig"
| #define PACKAGE_VERSION "1.3.54"
| #define PACKAGE_STRING "FLRIG 1.3.54"
| #define PACKAGE_BUGREPORT "w1hkj AT w1hkj DOT com"
| #define PACKAGE_URL ""
| #define FLRIG_VERSION_MAJOR 1
| #define FLRIG_VERSION_MINOR 3
| #define FLRIG_VERSION_PATCH ".54"
| #define FLRIG_VERSION "1.3.54"
| #define PACKAGE "flrig"
| #define VERSION "1.3.54"
| /* end confdefs.h.  */
| #include <ac_nonexistent.h>
configure:4720: checking for grep that handles long lines and -e
configure:4778: result: /usr/bin/grep
configure:4783: checking for egrep
configure:4845: result: /usr/bin/grep -E
configure:4850: checking for ANSI C header files
configure:4870: gcc -c -g -O2  conftest.c >&5
configure:4870: $? = 0
configure:4943: gcc -o conftest -g -O2   conftest.c  >&5
configure:4943: $? = 0
configure:4943: ./conftest
configure:4943: $? = 0
configure:4954: result: yes
configure:4967: checking for sys/types.h
configure:4967: gcc -c -g -O2  conftest.c >&5
configure:4967: $? = 0
configure:4967: result: yes
configure:4967: checking for sys/stat.h
configure:4967: gcc -c -g -O2  conftest.c >&5
configure:4967: $? = 0
configure:4967: result: yes
configure:4967: checking for stdlib.h
configure:4967: gcc -c -g -O2  conftest.c >&5
configure:4967: $? = 0
configure:4967: result: yes
configure:4967: checking for string.h
configure:4967: gcc -c -g -O2  conftest.c >&5
configure:4967: $? = 0
configure:4967: result: yes
configure:4967: checking for memory.h
configure:4967: gcc -c -g -O2  conftest.c >&5
configure:4967: $? = 0
configure:4967: result: yes
configure:4967: checking for strings.h
configure:4967: gcc -c -g -O2  conftest.c >&5
configure:4967: $? = 0
configure:4967: result: yes
configure:4967: checking for inttypes.h
configure:4967: gcc -c -g -O2  conftest.c >&5
configure:4967: $? = 0
configure:4967: result: yes
configure:4967: checking for stdint.h
configure:4967: gcc -c -g -O2  conftest.c >&5
configure:4967: $? = 0
configure:4967: result: yes
configure:4967: checking for unistd.h
configure:4967: gcc -c -g -O2  conftest.c >&5
configure:4967: $? = 0
configure:4967: result: yes
configure:4980: checking minix/config.h usability
configure:4980: gcc -c -g -O2  conftest.c >&5
conftest.c:58:10: fatal error: minix/config.h: No such file or directory
   58 | #include <minix/config.h>
      |          ^~~~~~~~~~~~~~~~
compilation terminated.
configure:4980: $? = 1
configure: failed program was:
| /* confdefs.h */
| #define PACKAGE_NAME "FLRIG"
| #define PACKAGE_TARNAME "flrig"
| #define PACKAGE_VERSION "1.3.54"
| #define PACKAGE_STRING "FLRIG 1.3.54"
| #define PACKAGE_BUGREPORT "w1hkj AT w1hkj DOT com"
| #define PACKAGE_URL ""
| #define FLRIG_VERSION_MAJOR 1
| #define FLRIG_VERSION_MINOR 3
| #define FLRIG_VERSION_PATCH ".54"
| #define FLRIG_VERSION "1.3.54"
| #define PACKAGE "flrig"
| #define VERSION "1.3.54"
| #define STDC_HEADERS 1
| #define HAVE_SYS_TYPES_H 1
| #define HAVE_SYS_STAT_H 1
| #define HAVE_STDLIB_H 1
| #define HAVE_STRING_H 1
| #define HAVE_MEMORY_H 1
| #define HAVE_STRINGS_H 1
| #define HAVE_INTTYPES_H 1
| #define HAVE_STDINT_H 1
| #define HAVE_UNISTD_H 1
| /* end confdefs.h.  */
| #include <stdio.h>
| #ifdef HAVE_SYS_TYPES_H
| # include <sys/types.h>
| #endif
| #ifdef HAVE_SYS_STAT_H
| # include <sys/stat.h>
| #endif
| #ifdef STDC_HEADERS
| # include <stdlib.h>
| # include <stddef.h>
| #else
| # ifdef HAVE_STDLIB_H
| #  include <stdlib.h>
| # endif
| #endif
| #ifdef HAVE_STRING_H
| # if !defined STDC_HEADERS && defined HAVE_MEMORY_H
| #  include <memory.h>
| # endif
| # include <string.h>
| #endif
| #ifdef HAVE_STRINGS_H
| # include <strings.h>
| #endif
| #ifdef HAVE_INTTYPES_H
| # include <inttypes.h>
| #endif
| #ifdef HAVE_STDINT_H
| # include <stdint.h>
| #endif
| #ifdef HAVE_UNISTD_H
| # include <unistd.h>
| #endif
| #include <minix/config.h>
configure:4980: result: no
configure:4980: checking minix/config.h presence
configure:4980: gcc -E  conftest.c
conftest.c:25:10: fatal error: minix/config.h: No such file or directory
   25 | #include <minix/config.h>
      |          ^~~~~~~~~~~~~~~~
compilation terminated.
configure:4980: $? = 1
configure: failed program was:
| /* confdefs.h */
| #define PACKAGE_NAME "FLRIG"
| #define PACKAGE_TARNAME "flrig"
| #define PACKAGE_VERSION "1.3.54"
| #define PACKAGE_STRING "FLRIG 1.3.54"
| #define PACKAGE_BUGREPORT "w1hkj AT w1hkj DOT com"
| #define PACKAGE_URL ""
| #define FLRIG_VERSION_MAJOR 1
| #define FLRIG_VERSION_MINOR 3
| #define FLRIG_VERSION_PATCH ".54"
| #define FLRIG_VERSION "1.3.54"
| #define PACKAGE "flrig"
| #define VERSION "1.3.54"
| #define STDC_HEADERS 1
| #define HAVE_SYS_TYPES_H 1
| #define HAVE_SYS_STAT_H 1
| #define HAVE_STDLIB_H 1
| #define HAVE_STRING_H 1
| #define HAVE_MEMORY_H 1
| #define HAVE_STRINGS_H 1
| #define HAVE_INTTYPES_H 1
| #define HAVE_STDINT_H 1
| #define HAVE_UNISTD_H 1
| /* end confdefs.h.  */
| #include <minix/config.h>
configure:4980: result: no
configure:4980: checking for minix/config.h
configure:4980: result: no
configure:5001: checking whether it is safe to define __EXTENSIONS__
configure:5019: gcc -c -g -O2  conftest.c >&5
configure:5019: $? = 0
configure:5026: result: yes
configure:5047: checking for stdlib.h
configure:5047: result: yes
configure:5047: checking for string.h
configure:5047: result: yes
configure:5059: checking for stdbool.h that conforms to C99
configure:5126: gcc -c -g -O2  conftest.c >&5
configure:5126: $? = 0
configure:5133: result: yes
configure:5135: checking for _Bool
configure:5135: gcc -c -g -O2  conftest.c >&5
configure:5135: $? = 0
configure:5135: gcc -c -g -O2  conftest.c >&5
conftest.c: In function 'main':
conftest.c:68:20: error: expected expression before ')' token
   68 | if (sizeof ((_Bool)))
      |                    ^
configure:5135: $? = 1
configure: failed program was:
| /* confdefs.h */
| #define PACKAGE_NAME "FLRIG"
| #define PACKAGE_TARNAME "flrig"
| #define PACKAGE_VERSION "1.3.54"
| #define PACKAGE_STRING "FLRIG 1.3.54"
| #define PACKAGE_BUGREPORT "w1hkj AT w1hkj DOT com"
| #define PACKAGE_URL ""
| #define FLRIG_VERSION_MAJOR 1
| #define FLRIG_VERSION_MINOR 3
| #define FLRIG_VERSION_PATCH ".54"
| #define FLRIG_VERSION "1.3.54"
| #define PACKAGE "flrig"
| #define VERSION "1.3.54"
| #define STDC_HEADERS 1
| #define HAVE_SYS_TYPES_H 1
| #define HAVE_SYS_STAT_H 1
| #define HAVE_STDLIB_H 1
| #define HAVE_STRING_H 1
| #define HAVE_MEMORY_H 1
| #define HAVE_STRINGS_H 1
| #define HAVE_INTTYPES_H 1
| #define HAVE_STDINT_H 1
| #define HAVE_UNISTD_H 1
| #define __EXTENSIONS__ 1
| #define _ALL_SOURCE 1
| #define _GNU_SOURCE 1
| #define _POSIX_PTHREAD_SEMANTICS 1
| #define _TANDEM_SOURCE 1
| #define HAVE_STDLIB_H 1
| #define HAVE_STRING_H 1
| /* end confdefs.h.  */
| #include <stdio.h>
| #ifdef HAVE_SYS_TYPES_H
| # include <sys/types.h>
| #endif
| #ifdef HAVE_SYS_STAT_H
| # include <sys/stat.h>
| #endif
| #ifdef STDC_HEADERS
| # include <stdlib.h>
| # include <stddef.h>
| #else
| # ifdef HAVE_STDLIB_H
| #  include <stdlib.h>
| # endif
| #endif
| #ifdef HAVE_STRING_H
| # if !defined STDC_HEADERS && defined HAVE_MEMORY_H
| #  include <memory.h>
| # endif
| # include <string.h>
| #endif
| #ifdef HAVE_STRINGS_H
| # include <strings.h>
| #endif
| #ifdef HAVE_INTTYPES_H
| # include <inttypes.h>
| #endif
| #ifdef HAVE_STDINT_H
| # include <stdint.h>
| #endif
| #ifdef HAVE_UNISTD_H
| # include <unistd.h>
| #endif
| int
| main ()
| {
| if (sizeof ((_Bool)))
| 	    return 0;
|   ;
|   return 0;
| }
configure:5135: result: yes
configure:5152: checking for size_t
configure:5152: gcc -c -g -O2  conftest.c >&5
configure:5152: $? = 0
configure:5152: gcc -c -g -O2  conftest.c >&5
conftest.c: In function 'main':
conftest.c:70:21: error: expected expression before ')' token
   70 | if (sizeof ((size_t)))
      |                     ^
configure:5152: $? = 1
configure: failed program was:
| /* confdefs.h */
| #define PACKAGE_NAME "FLRIG"
| #define PACKAGE_TARNAME "flrig"
| #define PACKAGE_VERSION "1.3.54"
| #define PACKAGE_STRING "FLRIG 1.3.54"
| #define PACKAGE_BUGREPORT "w1hkj AT w1hkj DOT com"
| #define PACKAGE_URL ""
| #define FLRIG_VERSION_MAJOR 1
| #define FLRIG_VERSION_MINOR 3
| #define FLRIG_VERSION_PATCH ".54"
| #define FLRIG_VERSION "1.3.54"
| #define PACKAGE "flrig"
| #define VERSION "1.3.54"
| #define STDC_HEADERS 1
| #define HAVE_SYS_TYPES_H 1
| #define HAVE_SYS_STAT_H 1
| #define HAVE_STDLIB_H 1
| #define HAVE_STRING_H 1
| #define HAVE_MEMORY_H 1
| #define HAVE_STRINGS_H 1
| #define HAVE_INTTYPES_H 1
| #define HAVE_STDINT_H 1
| #define HAVE_UNISTD_H 1
| #define __EXTENSIONS__ 1
| #define _ALL_SOURCE 1
| #define _GNU_SOURCE 1
| #define _POSIX_PTHREAD_SEMANTICS 1
| #define _TANDEM_SOURCE 1
| #define HAVE_STDLIB_H 1
| #define HAVE_STRING_H 1
| #define HAVE__BOOL 1
| #define HAVE_STDBOOL_H 1
| /* end confdefs.h.  */
| #include <stdio.h>
| #ifdef HAVE_SYS_TYPES_H
| # include <sys/types.h>
| #endif
| #ifdef HAVE_SYS_STAT_H
| # include <sys/stat.h>
| #endif
| #ifdef STDC_HEADERS
| # include <stdlib.h>
| # include <stddef.h>
| #else
| # ifdef HAVE_STDLIB_H
| #  include <stdlib.h>
| # endif
| #endif
| #ifdef HAVE_STRING_H
| # if !defined STDC_HEADERS && defined HAVE_MEMORY_H
| #  include <memory.h>
| # endif
| # include <string.h>
| #endif
| #ifdef HAVE_STRINGS_H
| # include <strings.h>
| #endif
| #ifdef HAVE_INTTYPES_H
| # include <inttypes.h>
| #endif
| #ifdef HAVE_STDINT_H
| # include <stdint.h>
| #endif
| #ifdef HAVE_UNISTD_H
| # include <unistd.h>
| #endif
| int
| main ()
| {
| if (sizeof ((size_t)))
| 	    return 0;
|   ;
|   return 0;
| }
configure:5152: result: yes
configure:5168: checking for getaddrinfo
configure:5168: gcc -o conftest -g -O2   conftest.c  >&5
configure:5168: $? = 0
configure:5168: result: yes
configure:5168: checking for gethostbyname
configure:5168: gcc -o conftest -g -O2   conftest.c  >&5
configure:5168: $? = 0
configure:5168: result: yes
configure:5168: checking for hstrerror
configure:5168: gcc -o conftest -g -O2   conftest.c  >&5
configure:5168: $? = 0
configure:5168: result: yes
configure:5168: checking for gmtime_r
configure:5168: gcc -o conftest -g -O2   conftest.c  >&5
configure:5168: $? = 0
configure:5168: result: yes
configure:5168: checking for localtime_r
configure:5168: gcc -o conftest -g -O2   conftest.c  >&5
configure:5168: $? = 0
configure:5168: result: yes
configure:5168: checking for memmove
configure:5168: gcc -o conftest -g -O2   conftest.c  >&5
conftest.c:62:6: warning: conflicting types for built-in function 'memmove'; expected 'void *(void *, const void *, long unsigned int)' [-Wbuiltin-declaration-mismatch]
   62 | char memmove ();
      |      ^~~~~~~
conftest.c:50:1: note: 'memmove' is declared in header '<string.h>'
   49 | # include <limits.h>
   50 | #else
configure:5168: $? = 0
configure:5168: result: yes
configure:5168: checking for memset
configure:5168: gcc -o conftest -g -O2   conftest.c  >&5
conftest.c:63:6: warning: conflicting types for built-in function 'memset'; expected 'void *(void *, int,  long unsigned int)' [-Wbuiltin-declaration-mismatch]
   63 | char memset ();
      |      ^~~~~~
conftest.c:51:1: note: 'memset' is declared in header '<string.h>'
   50 | # include <limits.h>
   51 | #else
configure:5168: $? = 0
configure:5168: result: yes
configure:5168: checking for mkdir
configure:5168: gcc -o conftest -g -O2   conftest.c  >&5
configure:5168: $? = 0
configure:5168: result: yes
configure:5168: checking for select
configure:5168: gcc -o conftest -g -O2   conftest.c  >&5
configure:5168: $? = 0
configure:5168: result: yes
configure:5168: checking for setenv
configure:5168: gcc -o conftest -g -O2   conftest.c  >&5
configure:5168: $? = 0
configure:5168: result: yes
configure:5168: checking for snprintf
configure:5168: gcc -o conftest -g -O2   conftest.c  >&5
conftest.c:67:6: warning: conflicting types for built-in function 'snprintf'; expected 'int(char *, long unsigned int,  const char *, ...)' [-Wbuiltin-declaration-mismatch]
   67 | char snprintf ();
      |      ^~~~~~~~
conftest.c:55:1: note: 'snprintf' is declared in header '<stdio.h>'
   54 | # include <limits.h>
   55 | #else
configure:5168: $? = 0
configure:5168: result: yes
configure:5168: checking for socket
configure:5168: gcc -o conftest -g -O2   conftest.c  >&5
configure:5168: $? = 0
configure:5168: result: yes
configure:5168: checking for socketpair
configure:5168: gcc -o conftest -g -O2   conftest.c  >&5
configure:5168: $? = 0
configure:5168: result: yes
configure:5168: checking for strcasecmp
configure:5168: gcc -o conftest -g -O2   conftest.c  >&5
conftest.c:70:6: warning: conflicting types for built-in function 'strcasecmp'; expected 'int(const char *, const char *)' [-Wbuiltin-declaration-mismatch]
   70 | char strcasecmp ();
      |      ^~~~~~~~~~
configure:5168: $? = 0
configure:5168: result: yes
configure:5168: checking for strcasestr
configure:5168: gcc -o conftest -g -O2   conftest.c  >&5
configure:5168: $? = 0
configure:5168: result: yes
configure:5168: checking for strchr
configure:5168: gcc -o conftest -g -O2   conftest.c  >&5
conftest.c:72:6: warning: conflicting types for built-in function 'strchr'; expected 'char *(const char *, int)' [-Wbuiltin-declaration-mismatch]
   72 | char strchr ();
      |      ^~~~~~
conftest.c:60:1: note: 'strchr' is declared in header '<string.h>'
   59 | # include <limits.h>
   60 | #else
configure:5168: $? = 0
configure:5168: result: yes
configure:5168: checking for strdup
configure:5168: gcc -o conftest -g -O2   conftest.c  >&5
conftest.c:73:6: warning: conflicting types for built-in function 'strdup'; expected 'char *(const char *)' [-Wbuiltin-declaration-mismatch]
   73 | char strdup ();
      |      ^~~~~~
configure:5168: $? = 0
configure:5168: result: yes
configure:5168: checking for strerror
configure:5168: gcc -o conftest -g -O2   conftest.c  >&5
configure:5168: $? = 0
configure:5168: result: yes
configure:5168: checking for strlcpy
configure:5168: gcc -o conftest -g -O2   conftest.c  >&5
/usr/bin/ld: /tmp/ccM0Gv74.o: in function `main':
/home/mag/Projects/fldigi-flrig/build/conftest.c:86: undefined reference to `strlcpy'
collect2: error: ld returned 1 exit status
configure:5168: $? = 1
configure: failed program was:
| /* confdefs.h */
| #define PACKAGE_NAME "FLRIG"
| #define PACKAGE_TARNAME "flrig"
| #define PACKAGE_VERSION "1.3.54"
| #define PACKAGE_STRING "FLRIG 1.3.54"
| #define PACKAGE_BUGREPORT "w1hkj AT w1hkj DOT com"
| #define PACKAGE_URL ""
| #define FLRIG_VERSION_MAJOR 1
| #define FLRIG_VERSION_MINOR 3
| #define FLRIG_VERSION_PATCH ".54"
| #define FLRIG_VERSION "1.3.54"
| #define PACKAGE "flrig"
| #define VERSION "1.3.54"
| #define STDC_HEADERS 1
| #define HAVE_SYS_TYPES_H 1
| #define HAVE_SYS_STAT_H 1
| #define HAVE_STDLIB_H 1
| #define HAVE_STRING_H 1
| #define HAVE_MEMORY_H 1
| #define HAVE_STRINGS_H 1
| #define HAVE_INTTYPES_H 1
| #define HAVE_STDINT_H 1
| #define HAVE_UNISTD_H 1
| #define __EXTENSIONS__ 1
| #define _ALL_SOURCE 1
| #define _GNU_SOURCE 1
| #define _POSIX_PTHREAD_SEMANTICS 1
| #define _TANDEM_SOURCE 1
| #define HAVE_STDLIB_H 1
| #define HAVE_STRING_H 1
| #define HAVE__BOOL 1
| #define HAVE_STDBOOL_H 1
| #define HAVE_GETADDRINFO 1
| #define HAVE_GETHOSTBYNAME 1
| #define HAVE_HSTRERROR 1
| #define HAVE_GMTIME_R 1
| #define HAVE_LOCALTIME_R 1
| #define HAVE_MEMMOVE 1
| #define HAVE_MEMSET 1
| #define HAVE_MKDIR 1
| #define HAVE_SELECT 1
| #define HAVE_SETENV 1
| #define HAVE_SNPRINTF 1
| #define HAVE_SOCKET 1
| #define HAVE_SOCKETPAIR 1
| #define HAVE_STRCASECMP 1
| #define HAVE_STRCASESTR 1
| #define HAVE_STRCHR 1
| #define HAVE_STRDUP 1
| #define HAVE_STRERROR 1
| /* end confdefs.h.  */
| /* Define strlcpy to an innocuous variant, in case <limits.h> declares strlcpy.
|    For example, HP-UX 11i <limits.h> declares gettimeofday.  */
| #define strlcpy innocuous_strlcpy
| 
| /* System header to define __stub macros and hopefully few prototypes,
|     which can conflict with char strlcpy (); below.
|     Prefer <limits.h> to <assert.h> if __STDC__ is defined, since
|     <limits.h> exists even on freestanding compilers.  */
| 
| #ifdef __STDC__
| # include <limits.h>
| #else
| # include <assert.h>
| #endif
| 
| #undef strlcpy
| 
| /* Override any GCC internal prototype to avoid an error.
|    Use char because int might match the return type of a GCC
|    builtin and then its argument prototype would still apply.  */
| #ifdef __cplusplus
| extern "C"
| #endif
| char strlcpy ();
| /* The GNU C library defines this for functions which it implements
|     to always fail with ENOSYS.  Some functions are actually named
|     something starting with __ and the normal name is an alias.  */
| #if defined __stub_strlcpy || defined __stub___strlcpy
| choke me
| #endif
| 
| int
| main ()
| {
| return strlcpy ();
|   ;
|   return 0;
| }
configure:5168: result: no
configure:5168: checking for strncasecmp
configure:5168: gcc -o conftest -g -O2   conftest.c  >&5
conftest.c:75:6: warning: conflicting types for built-in function 'strncasecmp'; expected 'int(const char *, const char *, long unsigned int)' [-Wbuiltin-declaration-mismatch]
   75 | char strncasecmp ();
      |      ^~~~~~~~~~~
configure:5168: $? = 0
configure:5168: result: yes
configure:5168: checking for strrchr
configure:5168: gcc -o conftest -g -O2   conftest.c  >&5
conftest.c:76:6: warning: conflicting types for built-in function 'strrchr'; expected 'char *(const char *, int)' [-Wbuiltin-declaration-mismatch]
   76 | char strrchr ();
      |      ^~~~~~~
conftest.c:64:1: note: 'strrchr' is declared in header '<string.h>'
   63 | # include <limits.h>
   64 | #else
configure:5168: $? = 0
configure:5168: result: yes
configure:5168: checking for strstr
configure:5168: gcc -o conftest -g -O2   conftest.c  >&5
conftest.c:77:6: warning: conflicting types for built-in function 'strstr'; expected 'char *(const char *, const char *)' [-Wbuiltin-declaration-mismatch]
   77 | char strstr ();
      |      ^~~~~~
conftest.c:65:1: note: 'strstr' is declared in header '<string.h>'
   64 | # include <limits.h>
   65 | #else
configure:5168: $? = 0
configure:5168: result: yes
configure:5168: checking for strtol
configure:5168: gcc -o conftest -g -O2   conftest.c  >&5
configure:5168: $? = 0
configure:5168: result: yes
configure:5168: checking for uname
configure:5168: gcc -o conftest -g -O2   conftest.c  >&5
configure:5168: $? = 0
configure:5168: result: yes
configure:5168: checking for unsetenv
configure:5168: gcc -o conftest -g -O2   conftest.c  >&5
configure:5168: $? = 0
configure:5168: result: yes
configure:5168: checking for vsnprintf
configure:5168: gcc -o conftest -g -O2   conftest.c  >&5
conftest.c:81:6: warning: conflicting types for built-in function 'vsnprintf'; expected 'int(char *, long unsigned int,  const char *, __va_list_tag *)' [-Wbuiltin-declaration-mismatch]
   81 | char vsnprintf ();
      |      ^~~~~~~~~
conftest.c:69:1: note: 'vsnprintf' is declared in header '<stdio.h>'
   68 | # include <limits.h>
   69 | #else
configure:5168: $? = 0
configure:5168: result: yes
configure:5779: checking for library containing dlopen
configure:5810: gcc -o conftest -g -O2   conftest.c  >&5
/usr/bin/ld: /tmp/cciJAkBt.o: in function `main':
/home/mag/Projects/fldigi-flrig/build/conftest.c:70: undefined reference to `dlopen'
collect2: error: ld returned 1 exit status
configure:5810: $? = 1
configure: failed program was:
| /* confdefs.h */
| #define PACKAGE_NAME "FLRIG"
| #define PACKAGE_TARNAME "flrig"
| #define PACKAGE_VERSION "1.3.54"
| #define PACKAGE_STRING "FLRIG 1.3.54"
| #define PACKAGE_BUGREPORT "w1hkj AT w1hkj DOT com"
| #define PACKAGE_URL ""
| #define FLRIG_VERSION_MAJOR 1
| #define FLRIG_VERSION_MINOR 3
| #define FLRIG_VERSION_PATCH ".54"
| #define FLRIG_VERSION "1.3.54"
| #define PACKAGE "flrig"
| #define VERSION "1.3.54"
| #define STDC_HEADERS 1
| #define HAVE_SYS_TYPES_H 1
| #define HAVE_SYS_STAT_H 1
| #define HAVE_STDLIB_H 1
| #define HAVE_STRING_H 1
| #define HAVE_MEMORY_H 1
| #define HAVE_STRINGS_H 1
| #define HAVE_INTTYPES_H 1
| #define HAVE_STDINT_H 1
| #define HAVE_UNISTD_H 1
| #define __EXTENSIONS__ 1
| #define _ALL_SOURCE 1
| #define _GNU_SOURCE 1
| #define _POSIX_PTHREAD_SEMANTICS 1
| #define _TANDEM_SOURCE 1
| #define HAVE_STDLIB_H 1
| #define HAVE_STRING_H 1
| #define HAVE__BOOL 1
| #define HAVE_STDBOOL_H 1
| #define HAVE_GETADDRINFO 1
| #define HAVE_GETHOSTBYNAME 1
| #define HAVE_HSTRERROR 1
| #define HAVE_GMTIME_R 1
| #define HAVE_LOCALTIME_R 1
| #define HAVE_MEMMOVE 1
| #define HAVE_MEMSET 1
| #define HAVE_MKDIR 1
| #define HAVE_SELECT 1
| #define HAVE_SETENV 1
| #define HAVE_SNPRINTF 1
| #define HAVE_SOCKET 1
| #define HAVE_SOCKETPAIR 1
| #define HAVE_STRCASECMP 1
| #define HAVE_STRCASESTR 1
| #define HAVE_STRCHR 1
| #define HAVE_STRDUP 1
| #define HAVE_STRERROR 1
| #define HAVE_STRNCASECMP 1
| #define HAVE_STRRCHR 1
| #define HAVE_STRSTR 1
| #define HAVE_STRTOL 1
| #define HAVE_UNAME 1
| #define HAVE_UNSETENV 1
| #define HAVE_VSNPRINTF 1
| /* end confdefs.h.  */
| 
| /* Override any GCC internal prototype to avoid an error.
|    Use char because int might match the return type of a GCC
|    builtin and then its argument prototype would still apply.  */
| #ifdef __cplusplus
| extern "C"
| #endif
| char dlopen ();
| int
| main ()
| {
| return dlopen ();
|   ;
|   return 0;
| }
configure:5810: gcc -o conftest -g -O2   conftest.c -ldl   >&5
configure:5810: $? = 0
configure:5827: result: -ldl
configure:5854: checking for library containing clock_gettime
configure:5885: gcc -o conftest -g -O2   conftest.c  >&5
configure:5885: $? = 0
configure:5902: result: none required
configure:5929: checking for library containing sem_unlink
configure:5960: gcc -o conftest -g -O2   conftest.c  >&5
/usr/bin/ld: /tmp/cc3yisdq.o: in function `main':
/home/mag/Projects/fldigi-flrig/build/conftest.c:72: undefined reference to `sem_unlink'
collect2: error: ld returned 1 exit status
configure:5960: $? = 1
configure: failed program was:
| /* confdefs.h */
| #define PACKAGE_NAME "FLRIG"
| #define PACKAGE_TARNAME "flrig"
| #define PACKAGE_VERSION "1.3.54"
| #define PACKAGE_STRING "FLRIG 1.3.54"
| #define PACKAGE_BUGREPORT "w1hkj AT w1hkj DOT com"
| #define PACKAGE_URL ""
| #define FLRIG_VERSION_MAJOR 1
| #define FLRIG_VERSION_MINOR 3
| #define FLRIG_VERSION_PATCH ".54"
| #define FLRIG_VERSION "1.3.54"
| #define PACKAGE "flrig"
| #define VERSION "1.3.54"
| #define STDC_HEADERS 1
| #define HAVE_SYS_TYPES_H 1
| #define HAVE_SYS_STAT_H 1
| #define HAVE_STDLIB_H 1
| #define HAVE_STRING_H 1
| #define HAVE_MEMORY_H 1
| #define HAVE_STRINGS_H 1
| #define HAVE_INTTYPES_H 1
| #define HAVE_STDINT_H 1
| #define HAVE_UNISTD_H 1
| #define __EXTENSIONS__ 1
| #define _ALL_SOURCE 1
| #define _GNU_SOURCE 1
| #define _POSIX_PTHREAD_SEMANTICS 1
| #define _TANDEM_SOURCE 1
| #define HAVE_STDLIB_H 1
| #define HAVE_STRING_H 1
| #define HAVE__BOOL 1
| #define HAVE_STDBOOL_H 1
| #define HAVE_GETADDRINFO 1
| #define HAVE_GETHOSTBYNAME 1
| #define HAVE_HSTRERROR 1
| #define HAVE_GMTIME_R 1
| #define HAVE_LOCALTIME_R 1
| #define HAVE_MEMMOVE 1
| #define HAVE_MEMSET 1
| #define HAVE_MKDIR 1
| #define HAVE_SELECT 1
| #define HAVE_SETENV 1
| #define HAVE_SNPRINTF 1
| #define HAVE_SOCKET 1
| #define HAVE_SOCKETPAIR 1
| #define HAVE_STRCASECMP 1
| #define HAVE_STRCASESTR 1
| #define HAVE_STRCHR 1
| #define HAVE_STRDUP 1
| #define HAVE_STRERROR 1
| #define HAVE_STRNCASECMP 1
| #define HAVE_STRRCHR 1
| #define HAVE_STRSTR 1
| #define HAVE_STRTOL 1
| #define HAVE_UNAME 1
| #define HAVE_UNSETENV 1
| #define HAVE_VSNPRINTF 1
| #define HAVE_DLOPEN 1
| #define HAVE_CLOCK_GETTIME 1
| /* end confdefs.h.  */
| 
| /* Override any GCC internal prototype to avoid an error.
|    Use char because int might match the return type of a GCC
|    builtin and then its argument prototype would still apply.  */
| #ifdef __cplusplus
| extern "C"
| #endif
| char sem_unlink ();
| int
| main ()
| {
| return sem_unlink ();
|   ;
|   return 0;
| }
configure:5960: gcc -o conftest -g -O2   conftest.c -lpthread   >&5
configure:5960: $? = 0
configure:5977: result: -lpthread
configure:6004: checking for library containing sem_timedwait
configure:6035: gcc -o conftest -g -O2   conftest.c  >&5
/usr/bin/ld: /tmp/cc5HVbau.o: in function `main':
/home/mag/Projects/fldigi-flrig/build/conftest.c:73: undefined reference to `sem_timedwait'
collect2: error: ld returned 1 exit status
configure:6035: $? = 1
configure: failed program was:
| /* confdefs.h */
| #define PACKAGE_NAME "FLRIG"
| #define PACKAGE_TARNAME "flrig"
| #define PACKAGE_VERSION "1.3.54"
| #define PACKAGE_STRING "FLRIG 1.3.54"
| #define PACKAGE_BUGREPORT "w1hkj AT w1hkj DOT com"
| #define PACKAGE_URL ""
| #define FLRIG_VERSION_MAJOR 1
| #define FLRIG_VERSION_MINOR 3
| #define FLRIG_VERSION_PATCH ".54"
| #define FLRIG_VERSION "1.3.54"
| #define PACKAGE "flrig"
| #define VERSION "1.3.54"
| #define STDC_HEADERS 1
| #define HAVE_SYS_TYPES_H 1
| #define HAVE_SYS_STAT_H 1
| #define HAVE_STDLIB_H 1
| #define HAVE_STRING_H 1
| #define HAVE_MEMORY_H 1
| #define HAVE_STRINGS_H 1
| #define HAVE_INTTYPES_H 1
| #define HAVE_STDINT_H 1
| #define HAVE_UNISTD_H 1
| #define __EXTENSIONS__ 1
| #define _ALL_SOURCE 1
| #define _GNU_SOURCE 1
| #define _POSIX_PTHREAD_SEMANTICS 1
| #define _TANDEM_SOURCE 1
| #define HAVE_STDLIB_H 1
| #define HAVE_STRING_H 1
| #define HAVE__BOOL 1
| #define HAVE_STDBOOL_H 1
| #define HAVE_GETADDRINFO 1
| #define HAVE_GETHOSTBYNAME 1
| #define HAVE_HSTRERROR 1
| #define HAVE_GMTIME_R 1
| #define HAVE_LOCALTIME_R 1
| #define HAVE_MEMMOVE 1
| #define HAVE_MEMSET 1
| #define HAVE_MKDIR 1
| #define HAVE_SELECT 1
| #define HAVE_SETENV 1
| #define HAVE_SNPRINTF 1
| #define HAVE_SOCKET 1
| #define HAVE_SOCKETPAIR 1
| #define HAVE_STRCASECMP 1
| #define HAVE_STRCASESTR 1
| #define HAVE_STRCHR 1
| #define HAVE_STRDUP 1
| #define HAVE_STRERROR 1
| #define HAVE_STRNCASECMP 1
| #define HAVE_STRRCHR 1
| #define HAVE_STRSTR 1
| #define HAVE_STRTOL 1
| #define HAVE_UNAME 1
| #define HAVE_UNSETENV 1
| #define HAVE_VSNPRINTF 1
| #define HAVE_DLOPEN 1
| #define HAVE_CLOCK_GETTIME 1
| #define HAVE_SEM_UNLINK 1
| /* end confdefs.h.  */
| 
| /* Override any GCC internal prototype to avoid an error.
|    Use char because int might match the return type of a GCC
|    builtin and then its argument prototype would still apply.  */
| #ifdef __cplusplus
| extern "C"
| #endif
| char sem_timedwait ();
| int
| main ()
| {
| return sem_timedwait ();
|   ;
|   return 0;
| }
configure:6035: gcc -o conftest -g -O2   conftest.c -lpthread   >&5
configure:6035: $? = 0
configure:6052: result: -lpthread
configure:6104: checking for fltk-config
configure:6122: found /usr/bin/fltk-config
configure:6135: result: /usr/bin/fltk-config
configure:6213: checking for fluid
configure:6229: found /usr/bin/fluid
configure:6240: result: fluid
configure:6317: checking for pkg-config
configure:6335: found /usr/bin/pkg-config
configure:6347: result: /usr/bin/pkg-config
configure:6372: checking pkg-config is at least version 0.9.0
configure:6375: result: yes
configure:6398: checking for X
configure:6405: $PKG_CONFIG --exists --print-errors "x11"
configure:6408: $? = 0
configure:6422: $PKG_CONFIG --exists --print-errors "x11"
configure:6425: $? = 0
configure:6463: result: yes
configure:6620: checking for FLXMLRPC
configure:6627: $PKG_CONFIG --exists --print-errors "flxmlrpc >= 0.1.0"
Package flxmlrpc was not found in the pkg-config search path.
Perhaps you should add the directory containing `flxmlrpc.pc'
to the PKG_CONFIG_PATH environment variable
No package 'flxmlrpc' found
configure:6630: $? = 1
configure:6644: $PKG_CONFIG --exists --print-errors "flxmlrpc >= 0.1.0"
Package flxmlrpc was not found in the pkg-config search path.
Perhaps you should add the directory containing `flxmlrpc.pc'
to the PKG_CONFIG_PATH environment variable
No package 'flxmlrpc' found
configure:6647: $? = 1
configure:6661: result: no
No package 'flxmlrpc' found
configure:7063: checking that generated files are newer than configure
configure:7069: result: done
configure:7136: creating ./config.status

## ---------------------- ##
## Running config.status. ##
## ---------------------- ##

This file was extended by FLRIG config.status 1.3.54, which was
generated by GNU Autoconf 2.69.  Invocation command line was

  CONFIG_FILES    = 
  CONFIG_HEADERS  = 
  CONFIG_LINKS    = 
  CONFIG_COMMANDS = 
  $ ./config.status 

on mark-MacBookPro-linux

config.status:987: creating Makefile
config.status:987: creating src/Makefile
config.status:987: creating src/config.h
config.status:1201: executing depfiles commands
config.status:1278: cd src       && sed -e '/# am--include-marker/d' Makefile         | make -f - am--depfiles
make: Nothing to be done for 'am--depfiles'.
config.status:1283: $? = 0
configure:8476: result:
Configuration summary:

  Version ..................... 1.3.54

  Target OS ................... linux-gnu

  Have flxmlrpc library ....... internal lib

  Static linking .............. no
  CPU optimizations ........... none
  Debugging ................... no



## ---------------- ##
## Cache variables. ##
## ---------------- ##

ac_cv_build=x86_64-pc-linux-gnu
ac_cv_c_compiler_gnu=yes
ac_cv_cxx_compiler_gnu=yes
ac_cv_debug=no
ac_cv_env_BFD_CFLAGS_set=
ac_cv_env_BFD_CFLAGS_value=
ac_cv_env_BFD_LIBS_set=
ac_cv_env_BFD_LIBS_value=
ac_cv_env_CCC_set=
ac_cv_env_CCC_value=
ac_cv_env_CC_set=
ac_cv_env_CC_value=
ac_cv_env_CFLAGS_set=
ac_cv_env_CFLAGS_value=
ac_cv_env_CPPFLAGS_set=
ac_cv_env_CPPFLAGS_value=
ac_cv_env_CPP_set=
ac_cv_env_CPP_value=
ac_cv_env_CXXFLAGS_set=
ac_cv_env_CXXFLAGS_value=
ac_cv_env_CXX_set=
ac_cv_env_CXX_value=
ac_cv_env_FLTK_CFLAGS_set=
ac_cv_env_FLTK_CFLAGS_value=
ac_cv_env_FLTK_CONFIG_set=
ac_cv_env_FLTK_CONFIG_value=
ac_cv_env_FLTK_LIBS_set=
ac_cv_env_FLTK_LIBS_value=
ac_cv_env_FLUID_set=
ac_cv_env_FLUID_value=
ac_cv_env_FLXMLRPC_CFLAGS_set=
ac_cv_env_FLXMLRPC_CFLAGS_value=
ac_cv_env_FLXMLRPC_LIBS_set=
ac_cv_env_FLXMLRPC_LIBS_value=
ac_cv_env_LDFLAGS_set=
ac_cv_env_LDFLAGS_value=
ac_cv_env_LIBS_set=
ac_cv_env_LIBS_value=
ac_cv_env_PKG_CONFIG_LIBDIR_set=
ac_cv_env_PKG_CONFIG_LIBDIR_value=
ac_cv_env_PKG_CONFIG_PATH_set=
ac_cv_env_PKG_CONFIG_PATH_value=
ac_cv_env_PKG_CONFIG_set=
ac_cv_env_PKG_CONFIG_value=
ac_cv_env_PTW32_CFLAGS_set=
ac_cv_env_PTW32_CFLAGS_value=
ac_cv_env_PTW32_LIBS_set=
ac_cv_env_PTW32_LIBS_value=
ac_cv_env_X_CFLAGS_set=
ac_cv_env_X_CFLAGS_value=
ac_cv_env_X_LIBS_set=
ac_cv_env_X_LIBS_value=
ac_cv_env_build_alias_set=
ac_cv_env_build_alias_value=
ac_cv_env_host_alias_set=
ac_cv_env_host_alias_value=
ac_cv_env_target_alias_set=
ac_cv_env_target_alias_value=
ac_cv_flxmlrpc=no
ac_cv_func_getaddrinfo=yes
ac_cv_func_gethostbyname=yes
ac_cv_func_gmtime_r=yes
ac_cv_func_hstrerror=yes
ac_cv_func_localtime_r=yes
ac_cv_func_memmove=yes
ac_cv_func_memset=yes
ac_cv_func_mkdir=yes
ac_cv_func_select=yes
ac_cv_func_setenv=yes
ac_cv_func_snprintf=yes
ac_cv_func_socket=yes
ac_cv_func_socketpair=yes
ac_cv_func_strcasecmp=yes
ac_cv_func_strcasestr=yes
ac_cv_func_strchr=yes
ac_cv_func_strdup=yes
ac_cv_func_strerror=yes
ac_cv_func_strlcpy=no
ac_cv_func_strncasecmp=yes
ac_cv_func_strrchr=yes
ac_cv_func_strstr=yes
ac_cv_func_strtol=yes
ac_cv_func_uname=yes
ac_cv_func_unsetenv=yes
ac_cv_func_vsnprintf=yes
ac_cv_have_func_clock_gettime=1
ac_cv_have_func_dlopen=1
ac_cv_have_func_sem_timedwait=1
ac_cv_have_func_sem_unlink=1
ac_cv_header_inttypes_h=yes
ac_cv_header_memory_h=yes
ac_cv_header_minix_config_h=no
ac_cv_header_stdbool_h=yes
ac_cv_header_stdc=yes
ac_cv_header_stdint_h=yes
ac_cv_header_stdlib_h=yes
ac_cv_header_string_h=yes
ac_cv_header_strings_h=yes
ac_cv_header_sys_stat_h=yes
ac_cv_header_sys_types_h=yes
ac_cv_header_unistd_h=yes
ac_cv_host=x86_64-pc-linux-gnu
ac_cv_mac_universal=no
ac_cv_objext=o
ac_cv_opt=none
ac_cv_path_EGREP='/usr/bin/grep -E'
ac_cv_path_FLTK_CONFIG=/usr/bin/fltk-config
ac_cv_path_GREP=/usr/bin/grep
ac_cv_path_ac_pt_PKG_CONFIG=/usr/bin/pkg-config
ac_cv_path_install='/usr/bin/install -c'
ac_cv_path_mkdir=/usr/bin/mkdir
ac_cv_prog_AWK=gawk
ac_cv_prog_CPP='gcc -E'
ac_cv_prog_FLUID=fluid
ac_cv_prog_ac_ct_CC=gcc
ac_cv_prog_ac_ct_CXX=g++
ac_cv_prog_cc_c89=
ac_cv_prog_cc_g=yes
ac_cv_prog_cxx_g=yes
ac_cv_prog_make_make_set=yes
ac_cv_safe_to_define___extensions__=yes
ac_cv_search_clock_gettime='none required'
ac_cv_search_dlopen=-ldl
ac_cv_search_sem_timedwait=-lpthread
ac_cv_search_sem_unlink=-lpthread
ac_cv_static=no
ac_cv_target=x86_64-pc-linux-gnu
ac_cv_type__Bool=yes
ac_cv_type_size_t=yes
ac_cv_want_bfd=yes
ac_cv_want_flxmlrpc=check
ac_cv_want_ptw32=no
ac_cv_want_x=check
ac_cv_x=yes
am_cv_CC_dependencies_compiler_type=gcc3
am_cv_CXX_dependencies_compiler_type=gcc3
am_cv_make_support_nested_variables=yes
am_cv_prog_cc_c_o=yes
pkg_cv_X_CFLAGS=
pkg_cv_X_LIBS=-lX11

## ----------------- ##
## Output variables. ##
## ----------------- ##

ACLOCAL='${SHELL} /home/mag/Projects/fldigi-flrig/build-aux/missing aclocal-1.16'
AC_CONFIG_ARGS=''
AMDEPBACKSLASH='\'
AMDEP_FALSE='#'
AMDEP_TRUE=''
AMTAR='$${TAR-tar}'
AM_BACKSLASH='\'
AM_DEFAULT_V='$(AM_DEFAULT_VERBOSITY)'
AM_DEFAULT_VERBOSITY='1'
AM_V='$(V)'
AUTOCONF='${SHELL} /home/mag/Projects/fldigi-flrig/build-aux/missing autoconf'
AUTOHEADER='${SHELL} /home/mag/Projects/fldigi-flrig/build-aux/missing autoheader'
AUTOMAKE='${SHELL} /home/mag/Projects/fldigi-flrig/build-aux/missing automake-1.16'
AWK='gawk'
BFD_CFLAGS=''
BFD_LIBS=''
CC='gcc'
CCDEPMODE='depmode=gcc3'
CFLAGS='-g -O2'
COMPAT_STACK_FALSE=''
COMPAT_STACK_TRUE='#'
COMPAT_STRCASESTR_FALSE=''
COMPAT_STRCASESTR_TRUE='#'
CPP='gcc -E'
CPPFLAGS=''
CXX='g++'
CXXDEPMODE='depmode=gcc3'
CXXFLAGS='-g -O2'
CYGPATH_W='echo'
DARWIN_FALSE=''
DARWIN_TRUE='#'
DEBUG_CFLAGS=''
DEFS='-DHAVE_CONFIG_H'
DEPDIR='.deps'
ECHO_C=''
ECHO_N='-n'
ECHO_T=''
EGREP='/usr/bin/grep -E'
ENABLE_DEBUG_FALSE=''
ENABLE_DEBUG_TRUE='#'
ENABLE_FLXMLRPC_FALSE=''
ENABLE_FLXMLRPC_TRUE='#'
EXEEXT=''
EXTRA_LIBS=' -ldl  -lpthread '
FLRIG_BUILD_CPPFLAGS='-I$(srcdir) -I$(srcdir)/include -I$(srcdir)/xmlrpcpp'
FLRIG_BUILD_CXXFLAGS='-I$(srcdir)/xmlrpcpp -I/usr/include/cairo -I/usr/include/glib-2.0 -I/usr/lib/x86_64-linux-gnu/glib-2.0/include -I/usr/include/pixman-1 -I/usr/include/uuid -I/usr/include/freetype2 -I/usr/include/libpng16 -I/usr/include/freetype2 -I/usr/include/libpng16 -I/usr/include/cairo -I/usr/include/glib-2.0 -I/usr/lib/x86_64-linux-gnu/glib-2.0/include -I/usr/include/pixman-1 -I/usr/include/uuid -I/usr/include/freetype2 -I/usr/include/libpng16  -I$(srcdir) -I$(srcdir)/include   -pipe -Wall -fexceptions -O2   -DNDEBUG'
FLRIG_BUILD_LDADD='-lfltk_images -lfltk -lX11 -lX11  -ldl  -lpthread   '
FLRIG_BUILD_LDFLAGS=''
FLRIG_VERSION='1.3.54'
FLRIG_VERSION_MAJOR='1'
FLRIG_VERSION_MINOR='3'
FLRIG_VERSION_PATCH='.54'
FLTK_CFLAGS='-I/usr/include/cairo -I/usr/include/glib-2.0 -I/usr/lib/x86_64-linux-gnu/glib-2.0/include -I/usr/include/pixman-1 -I/usr/include/uuid -I/usr/include/freetype2 -I/usr/include/libpng16 -I/usr/include/freetype2 -I/usr/include/libpng16 -I/usr/include/cairo -I/usr/include/glib-2.0 -I/usr/lib/x86_64-linux-gnu/glib-2.0/include -I/usr/include/pixman-1 -I/usr/include/uuid -I/usr/include/freetype2 -I/usr/include/libpng16 '
FLTK_CONFIG='/usr/bin/fltk-config'
FLTK_LIBS='-lfltk_images -lfltk -lX11'
FLUID='fluid'
FLXMLRPC_CFLAGS=''
FLXMLRPC_LIBS=''
GREP='/usr/bin/grep'
HAVE_FLUID_FALSE='#'
HAVE_FLUID_TRUE=''
HAVE_NSIS_FALSE=''
HAVE_NSIS_TRUE='#'
HAVE_WINDRES_FALSE=''
HAVE_WINDRES_TRUE='#'
INSTALL_DATA='${INSTALL} -m 644'
INSTALL_PROGRAM='${INSTALL}'
INSTALL_SCRIPT='${INSTALL}'
INSTALL_STRIP_PROGRAM='$(install_sh) -c -s'
LDFLAGS=''
LIBOBJS=''
LIBS=''
LTLIBOBJS=''
MAC_UNIVERSAL_CFLAGS=''
MAC_UNIVERSAL_LDFLAGS=''
MAKEINFO='${SHELL} /home/mag/Projects/fldigi-flrig/build-aux/missing makeinfo'
MAKENSIS=''
MINGW32_FALSE=''
MINGW32_TRUE='#'
MKDIR_P='/usr/bin/mkdir -p'
OBJEXT='o'
OPT_CFLAGS='-O2'
PACKAGE='flrig'
PACKAGE_BUGREPORT='w1hkj AT w1hkj DOT com'
PACKAGE_NAME='FLRIG'
PACKAGE_STRING='FLRIG 1.3.54'
PACKAGE_TARNAME='flrig'
PACKAGE_URL=''
PACKAGE_VERSION='1.3.54'
PATH_SEPARATOR=':'
PKG_CONFIG='/usr/bin/pkg-config'
PKG_CONFIG_LIBDIR=''
PKG_CONFIG_PATH=''
PTW32_CFLAGS=''
PTW32_LIBS=''
RDYNAMIC=''
SET_MAKE=''
SHELL='/bin/bash'
STRIP=''
VERSION='1.3.54'
WIN32_FALSE=''
WIN32_TRUE='#'
WINDRES=''
X_CFLAGS=''
X_LIBS='-lX11'
ac_ct_CC='gcc'
ac_ct_CXX='g++'
am__EXEEXT_FALSE=''
am__EXEEXT_TRUE='#'
am__fastdepCC_FALSE='#'
am__fastdepCC_TRUE=''
am__fastdepCXX_FALSE='#'
am__fastdepCXX_TRUE=''
am__include='include'
am__isrc=' -I$(srcdir)'
am__leading_dot='.'
am__nodep='_no'
am__quote=''
am__tar='$${TAR-tar} chof - "$$tardir"'
am__untar='$${TAR-tar} xf -'
bindir='${exec_prefix}/bin'
build='x86_64-pc-linux-gnu'
build_alias=''
build_cpu='x86_64'
build_os='linux-gnu'
build_vendor='pc'
datadir='${datarootdir}'
datarootdir='${prefix}/share'
docdir='${datarootdir}/doc/${PACKAGE_TARNAME}'
dvidir='${docdir}'
exec_prefix='${prefix}'
host='x86_64-pc-linux-gnu'
host_alias=''
host_cpu='x86_64'
host_os='linux-gnu'
host_vendor='pc'
htmldir='${docdir}'
includedir='${prefix}/include'
infodir='${datarootdir}/info'
install_sh='${SHELL} /home/mag/Projects/fldigi-flrig/build-aux/install-sh'
libdir='${exec_prefix}/lib'
libexecdir='${exec_prefix}/libexec'
localedir='${datarootdir}/locale'
localstatedir='${prefix}/var'
mandir='${datarootdir}/man'
mkdir_p='$(MKDIR_P)'
oldincludedir='/usr/include'
pdfdir='${docdir}'
prefix='/usr/local'
program_transform_name='s,x,x,'
psdir='${docdir}'
runstatedir='${localstatedir}/run'
sbindir='${exec_prefix}/sbin'
sharedstatedir='${prefix}/com'
sysconfdir='${prefix}/etc'
target='x86_64-pc-linux-gnu'
target_alias=''
target_cpu='x86_64'
target_os='linux-gnu'
target_vendor='pc'

## ----------- ##
## confdefs.h. ##
## ----------- ##

/* confdefs.h */
#define PACKAGE_NAME "FLRIG"
#define PACKAGE_TARNAME "flrig"
#define PACKAGE_VERSION "1.3.54"
#define PACKAGE_STRING "FLRIG 1.3.54"
#define PACKAGE_BUGREPORT "w1hkj AT w1hkj DOT com"
#define PACKAGE_URL ""
#define FLRIG_VERSION_MAJOR 1
#define FLRIG_VERSION_MINOR 3
#define FLRIG_VERSION_PATCH ".54"
#define FLRIG_VERSION "1.3.54"
#define PACKAGE "flrig"
#define VERSION "1.3.54"
#define STDC_HEADERS 1
#define HAVE_SYS_TYPES_H 1
#define HAVE_SYS_STAT_H 1
#define HAVE_STDLIB_H 1
#define HAVE_STRING_H 1
#define HAVE_MEMORY_H 1
#define HAVE_STRINGS_H 1
#define HAVE_INTTYPES_H 1
#define HAVE_STDINT_H 1
#define HAVE_UNISTD_H 1
#define __EXTENSIONS__ 1
#define _ALL_SOURCE 1
#define _GNU_SOURCE 1
#define _POSIX_PTHREAD_SEMANTICS 1
#define _TANDEM_SOURCE 1
#define HAVE_STDLIB_H 1
#define HAVE_STRING_H 1
#define HAVE__BOOL 1
#define HAVE_STDBOOL_H 1
#define HAVE_GETADDRINFO 1
#define HAVE_GETHOSTBYNAME 1
#define HAVE_HSTRERROR 1
#define HAVE_GMTIME_R 1
#define HAVE_LOCALTIME_R 1
#define HAVE_MEMMOVE 1
#define HAVE_MEMSET 1
#define HAVE_MKDIR 1
#define HAVE_SELECT 1
#define HAVE_SETENV 1
#define HAVE_SNPRINTF 1
#define HAVE_SOCKET 1
#define HAVE_SOCKETPAIR 1
#define HAVE_STRCASECMP 1
#define HAVE_STRCASESTR 1
#define HAVE_STRCHR 1
#define HAVE_STRDUP 1
#define HAVE_STRERROR 1
#define HAVE_STRNCASECMP 1
#define HAVE_STRRCHR 1
#define HAVE_STRSTR 1
#define HAVE_STRTOL 1
#define HAVE_UNAME 1
#define HAVE_UNSETENV 1
#define HAVE_VSNPRINTF 1
#define HAVE_DLOPEN 1
#define HAVE_CLOCK_GETTIME 1
#define HAVE_SEM_UNLINK 1
#define HAVE_SEM_TIMEDWAIT 1
#define FLTK_BUILD_VERSION "1.3.4"
#define FLRIG_FLTK_API_MAJOR 1
#define FLRIG_FLTK_API_MINOR 3
#define USE_X 1
#define X_BUILD_VERSION "1.6.9"
#define USE_FLXMLRPC 0
#define FLXMLRPC_BUILD_VERSION ""
#define BUILD_BUILD_PLATFORM "x86_64-pc-linux-gnu"
#define BUILD_HOST_PLATFORM "x86_64-pc-linux-gnu"
#define BUILD_TARGET_PLATFORM "x86_64-pc-linux-gnu"
#define BUILD_CONFIGURE_ARGS ""
#define BUILD_DATE "Sat May 14 12:47:42 BST 2022"
#define BUILD_USER "mag"
#define BUILD_HOST "mark-MacBookPro-linux"
#define BUILD_COMPILER "gcc version 9.4.0 (Ubuntu 9.4.0-1ubuntu1~20.04.1) "
#define FLRIG_BUILD_CXXFLAGS "-I$(srcdir) -I$(srcdir)/include -I$(srcdir)/xmlrpcpp -I$(srcdir)/xmlrpcpp -I/usr/include/cairo -I/usr/include/glib-2.0 -I/usr/lib/x86_64-linux-gnu/glib-2.0/include -I/usr/include/pixman-1 -I/usr/include/uuid -I/usr/include/freetype2 -I/usr/include/libpng16 -I/usr/include/freetype2 -I/usr/include/libpng16 -I/usr/include/cairo -I/usr/include/glib-2.0 -I/usr/lib/x86_64-linux-gnu/glib-2.0/include -I/usr/include/pixman-1 -I/usr/include/uuid -I/usr/include/freetype2 -I/usr/include/libpng16 -I$(srcdir) -I$(srcdir)/include -pipe -Wall -fexceptions -O2 -DNDEBUG"
#define FLRIG_BUILD_LDFLAGS "-lfltk_images -lfltk -lX11 -lX11 -ldl -lpthread"

configure: exit 0
